<?xml version="1.0" encoding="UTF-8"?>
<robot generator="Robot 6.0.2 (Python 3.11.2 on win32)" generated="20230210 20:39:04.098" rpa="false" schemaversion="3">
<suite id="s1" name="Chronos" source="c:\Users\vanes\Robot Sem Complicação\chronos.robot">
<test id="s1-t1" name="ChronosTest" line="7">
<kw name="Open Browser" library="SeleniumLibrary">
<arg>https://www.demoblaze.com</arg>
<arg>chrome</arg>
<doc>Opens a new browser instance to the optional ``url``.</doc>
<msg timestamp="20230210 20:39:04.304" level="INFO">Opening browser 'chrome' to base url 'https://www.demoblaze.com'.</msg>
<status status="PASS" starttime="20230210 20:39:04.304" endtime="20230210 20:39:06.471"/>
</kw>
<kw name="Maximize Browser Window" library="SeleniumLibrary">
<doc>Maximizes current browser window.</doc>
<status status="PASS" starttime="20230210 20:39:06.472" endtime="20230210 20:39:06.584"/>
</kw>
<status status="PASS" starttime="20230210 20:39:04.303" endtime="20230210 20:39:06.587"/>
</test>
<doc>Robot Framework Sem Complicação</doc>
<status status="PASS" starttime="20230210 20:39:04.103" endtime="20230210 20:39:06.594"/>
</suite>
<statistics>
<total>
<stat pass="1" fail="0" skip="0">All Tests</stat>
</total>
<tag>
</tag>
<suite>
<stat pass="1" fail="0" skip="0" id="s1" name="Chronos">Chronos</stat>
</suite>
</statistics>
<errors>
</errors>
</robot>
