<?xml version="1.0" encoding="UTF-8"?>
<robot generator="Robot 6.0.2 (Python 3.11.2 on win32)" generated="20230210 20:41:59.707" rpa="false" schemaversion="3">
<suite id="s1" name="Chronos" source="C:\Users\vanes\Robot Sem Complicação\chronos.robot">
<test id="s1-t1" name="Run" line="6">
<status status="FAIL" starttime="20230210 20:41:59.895" endtime="20230210 20:41:59.898">Test contains no keywords.</status>
</test>
<test id="s1-t2" name="ChronosTest" line="7">
<kw name="Open Browser" library="SeleniumLibrary">
<arg>https://www.demoblaze.com</arg>
<arg>chrome</arg>
<doc>Opens a new browser instance to the optional ``url``.</doc>
<msg timestamp="20230210 20:41:59.899" level="INFO">Opening browser 'chrome' to base url 'https://www.demoblaze.com'.</msg>
<status status="PASS" starttime="20230210 20:41:59.899" endtime="20230210 20:42:02.025"/>
</kw>
<kw name="Maximize Browser Window" library="SeleniumLibrary">
<doc>Maximizes current browser window.</doc>
<status status="PASS" starttime="20230210 20:42:02.026" endtime="20230210 20:42:02.152"/>
</kw>
<status status="PASS" starttime="20230210 20:41:59.899" endtime="20230210 20:42:02.152"/>
</test>
<doc>Robot Framework Sem Complicação</doc>
<status status="FAIL" starttime="20230210 20:41:59.707" endtime="20230210 20:42:02.154"/>
</suite>
<statistics>
<total>
<stat pass="1" fail="1" skip="0">All Tests</stat>
</total>
<tag>
</tag>
<suite>
<stat pass="1" fail="1" skip="0" id="s1" name="Chronos">Chronos</stat>
</suite>
</statistics>
<errors>
</errors>
</robot>
